Analysis & Synthesis report for VendingMachine
Mon Mar 23 12:34:15 2026
Quartus Prime Version 20.1.0 Build 711 06/05/2020 SJ Lite Edition


---------------------
; Table of Contents ;
---------------------
  1. Legal Notice
  2. Analysis & Synthesis Summary
  3. Analysis & Synthesis Settings
  4. Parallel Compilation
  5. Analysis & Synthesis Source Files Read
  6. Analysis & Synthesis Resource Usage Summary
  7. Analysis & Synthesis Resource Utilization by Entity
  8. General Register Statistics
  9. Multiplexer Restructuring Statistics (Restructuring Performed)
 10. Post-Synthesis Netlist Statistics for Top Partition
 11. Elapsed Time Per Partition
 12. Analysis & Synthesis Messages



----------------
; Legal Notice ;
----------------
Copyright (C) 2020  Intel Corporation. All rights reserved.
Your use of Intel Corporation's design tools, logic functions 
and other software and tools, and any partner logic 
functions, and any output files from any of the foregoing 
(including device programming or simulation files), and any 
associated documentation or information are expressly subject 
to the terms and conditions of the Intel Program License 
Subscription Agreement, the Intel Quartus Prime License Agreement,
the Intel FPGA IP License Agreement, or other applicable license
agreement, including, without limitation, that your use is for
the sole purpose of programming logic devices manufactured by
Intel and sold by Intel or its authorized distributors.  Please
refer to the applicable agreement for further details, at
https://fpgasoftware.intel.com/eula.



+-------------------------------------------------------------------------------+
; Analysis & Synthesis Summary                                                  ;
+---------------------------------+---------------------------------------------+
; Analysis & Synthesis Status     ; Successful - Mon Mar 23 12:34:15 2026       ;
; Quartus Prime Version           ; 20.1.0 Build 711 06/05/2020 SJ Lite Edition ;
; Revision Name                   ; VendingMachine                              ;
; Top-level Entity Name           ; VendingMachine                              ;
; Family                          ; Cyclone V                                   ;
; Logic utilization (in ALMs)     ; N/A                                         ;
; Total registers                 ; 49                                          ;
; Total pins                      ; 50                                          ;
; Total virtual pins              ; 0                                           ;
; Total block memory bits         ; 0                                           ;
; Total DSP Blocks                ; 0                                           ;
; Total HSSI RX PCSs              ; 0                                           ;
; Total HSSI PMA RX Deserializers ; 0                                           ;
; Total HSSI TX PCSs              ; 0                                           ;
; Total HSSI PMA TX Serializers   ; 0                                           ;
; Total PLLs                      ; 0                                           ;
; Total DLLs                      ; 0                                           ;
+---------------------------------+---------------------------------------------+


+---------------------------------------------------------------------------------------------------------------------------+
; Analysis & Synthesis Settings                                                                                             ;
+---------------------------------------------------------------------------------+--------------------+--------------------+
; Option                                                                          ; Setting            ; Default Value      ;
+---------------------------------------------------------------------------------+--------------------+--------------------+
; Device                                                                          ; 5CSEMA5F31C6       ;                    ;
; Top-level entity name                                                           ; VendingMachine     ; VendingMachine     ;
; Family name                                                                     ; Cyclone V          ; Cyclone V          ;
; VHDL Show LMF Mapping Messages                                                  ; Off                ;                    ;
; VHDL Version                                                                    ; VHDL_2008          ; VHDL_1993          ;
; Use smart compilation                                                           ; Off                ; Off                ;
; Enable parallel Assembler and Timing Analyzer during compilation                ; On                 ; On                 ;
; Enable compact report table                                                     ; Off                ; Off                ;
; Restructure Multiplexers                                                        ; Auto               ; Auto               ;
; MLAB Add Timing Constraints For Mixed-Port Feed-Through Mode Setting Don't Care ; Off                ; Off                ;
; Create Debugging Nodes for IP Cores                                             ; Off                ; Off                ;
; Preserve fewer node names                                                       ; On                 ; On                 ;
; Intel FPGA IP Evaluation Mode                                                   ; Enable             ; Enable             ;
; Verilog Version                                                                 ; Verilog_2001       ; Verilog_2001       ;
; State Machine Processing                                                        ; Auto               ; Auto               ;
; Safe State Machine                                                              ; Off                ; Off                ;
; Extract Verilog State Machines                                                  ; On                 ; On                 ;
; Extract VHDL State Machines                                                     ; On                 ; On                 ;
; Ignore Verilog initial constructs                                               ; Off                ; Off                ;
; Iteration limit for constant Verilog loops                                      ; 5000               ; 5000               ;
; Iteration limit for non-constant Verilog loops                                  ; 250                ; 250                ;
; Add Pass-Through Logic to Inferred RAMs                                         ; On                 ; On                 ;
; Infer RAMs from Raw Logic                                                       ; On                 ; On                 ;
; Parallel Synthesis                                                              ; On                 ; On                 ;
; DSP Block Balancing                                                             ; Auto               ; Auto               ;
; NOT Gate Push-Back                                                              ; On                 ; On                 ;
; Power-Up Don't Care                                                             ; On                 ; On                 ;
; Remove Redundant Logic Cells                                                    ; Off                ; Off                ;
; Remove Duplicate Registers                                                      ; On                 ; On                 ;
; Ignore CARRY Buffers                                                            ; Off                ; Off                ;
; Ignore CASCADE Buffers                                                          ; Off                ; Off                ;
; Ignore GLOBAL Buffers                                                           ; Off                ; Off                ;
; Ignore ROW GLOBAL Buffers                                                       ; Off                ; Off                ;
; Ignore LCELL Buffers                                                            ; Off                ; Off                ;
; Ignore SOFT Buffers                                                             ; On                 ; On                 ;
; Limit AHDL Integers to 32 Bits                                                  ; Off                ; Off                ;
; Optimization Technique                                                          ; Balanced           ; Balanced           ;
; Carry Chain Length                                                              ; 70                 ; 70                 ;
; Auto Carry Chains                                                               ; On                 ; On                 ;
; Auto Open-Drain Pins                                                            ; On                 ; On                 ;
; Perform WYSIWYG Primitive Resynthesis                                           ; Off                ; Off                ;
; Auto ROM Replacement                                                            ; On                 ; On                 ;
; Auto RAM Replacement                                                            ; On                 ; On                 ;
; Auto DSP Block Replacement                                                      ; On                 ; On                 ;
; Auto Shift Register Replacement                                                 ; Auto               ; Auto               ;
; Allow Shift Register Merging across Hierarchies                                 ; Auto               ; Auto               ;
; Auto Clock Enable Replacement                                                   ; On                 ; On                 ;
; Strict RAM Replacement                                                          ; Off                ; Off                ;
; Allow Synchronous Control Signals                                               ; On                 ; On                 ;
; Force Use of Synchronous Clear Signals                                          ; Off                ; Off                ;
; Auto Resource Sharing                                                           ; Off                ; Off                ;
; Allow Any RAM Size For Recognition                                              ; Off                ; Off                ;
; Allow Any ROM Size For Recognition                                              ; Off                ; Off                ;
; Allow Any Shift Register Size For Recognition                                   ; Off                ; Off                ;
; Use LogicLock Constraints during Resource Balancing                             ; On                 ; On                 ;
; Ignore translate_off and synthesis_off directives                               ; Off                ; Off                ;
; Timing-Driven Synthesis                                                         ; On                 ; On                 ;
; Report Parameter Settings                                                       ; On                 ; On                 ;
; Report Source Assignments                                                       ; On                 ; On                 ;
; Report Connectivity Checks                                                      ; On                 ; On                 ;
; Ignore Maximum Fan-Out Assignments                                              ; Off                ; Off                ;
; Synchronization Register Chain Length                                           ; 3                  ; 3                  ;
; Power Optimization During Synthesis                                             ; Normal compilation ; Normal compilation ;
; HDL message level                                                               ; Level2             ; Level2             ;
; Suppress Register Optimization Related Messages                                 ; Off                ; Off                ;
; Number of Removed Registers Reported in Synthesis Report                        ; 5000               ; 5000               ;
; Number of Swept Nodes Reported in Synthesis Report                              ; 5000               ; 5000               ;
; Number of Inverted Registers Reported in Synthesis Report                       ; 100                ; 100                ;
; Clock MUX Protection                                                            ; On                 ; On                 ;
; Auto Gated Clock Conversion                                                     ; Off                ; Off                ;
; Block Design Naming                                                             ; Auto               ; Auto               ;
; SDC constraint protection                                                       ; Off                ; Off                ;
; Synthesis Effort                                                                ; Auto               ; Auto               ;
; Shift Register Replacement - Allow Asynchronous Clear Signal                    ; On                 ; On                 ;
; Pre-Mapping Resynthesis Optimization                                            ; Off                ; Off                ;
; Analysis & Synthesis Message Level                                              ; Medium             ; Medium             ;
; Disable Register Merging Across Hierarchies                                     ; Auto               ; Auto               ;
; Resource Aware Inference For Block RAM                                          ; On                 ; On                 ;
; Automatic Parallel Synthesis                                                    ; On                 ; On                 ;
; Partial Reconfiguration Bitstream ID                                            ; Off                ; Off                ;
+---------------------------------------------------------------------------------+--------------------+--------------------+


+------------------------------------------+
; Parallel Compilation                     ;
+----------------------------+-------------+
; Processors                 ; Number      ;
+----------------------------+-------------+
; Number detected on machine ; 4           ;
; Maximum allowed            ; 2           ;
;                            ;             ;
; Average used               ; 1.00        ;
; Maximum used               ; 2           ;
;                            ;             ;
; Usage by Processor         ; % Time Used ;
;     Processor 1            ; 100.0%      ;
;     Processor 2            ;   0.0%      ;
+----------------------------+-------------+


+--------------------------------------------------------------------------------------------------------------------------------------------------------------+
; Analysis & Synthesis Source Files Read                                                                                                                       ;
+----------------------------------+-----------------+-----------------+-----------------------------------------------------------------------------+---------+
; File Name with User-Entered Path ; Used in Netlist ; File Type       ; File Name with Absolute Path                                                ; Library ;
+----------------------------------+-----------------+-----------------+-----------------------------------------------------------------------------+---------+
; seletor_produto.vhd              ; yes             ; User VHDL File  ; C:/Users/Joăo/Documents/UNICAMP/MC613/VendingMachine/seletor_produto.vhd    ;         ;
; selecionarValor.vhd              ; yes             ; User VHDL File  ; C:/Users/Joăo/Documents/UNICAMP/MC613/VendingMachine/selecionarValor.vhd    ;         ;
; gerenciadorProduto.vhd           ; yes             ; User VHDL File  ; C:/Users/Joăo/Documents/UNICAMP/MC613/VendingMachine/gerenciadorProduto.vhd ;         ;
; bin11_to_bcd4.vhd                ; yes             ; User VHDL File  ; C:/Users/Joăo/Documents/UNICAMP/MC613/VendingMachine/bin11_to_bcd4.vhd      ;         ;
; bin2hex.vhd                      ; yes             ; User VHDL File  ; C:/Users/Joăo/Documents/UNICAMP/MC613/VendingMachine/bin2hex.vhd            ;         ;
; VendingMachine.vhd               ; yes             ; User VHDL File  ; C:/Users/Joăo/Documents/UNICAMP/MC613/VendingMachine/VendingMachine.vhd     ;         ;
+----------------------------------+-----------------+-----------------+-----------------------------------------------------------------------------+---------+


+---------------------------------------------------------------------------------------------------+
; Analysis & Synthesis Resource Usage Summary                                                       ;
+---------------------------------------------+-----------------------------------------------------+
; Resource                                    ; Usage                                               ;
+---------------------------------------------+-----------------------------------------------------+
; Estimate of Logic utilization (ALMs needed) ; 120                                                 ;
;                                             ;                                                     ;
; Combinational ALUT usage for logic          ; 193                                                 ;
;     -- 7 input functions                    ; 1                                                   ;
;     -- 6 input functions                    ; 44                                                  ;
;     -- 5 input functions                    ; 26                                                  ;
;     -- 4 input functions                    ; 55                                                  ;
;     -- <=3 input functions                  ; 67                                                  ;
;                                             ;                                                     ;
; Dedicated logic registers                   ; 49                                                  ;
;                                             ;                                                     ;
; I/O pins                                    ; 50                                                  ;
;                                             ;                                                     ;
; Total DSP Blocks                            ; 0                                                   ;
;                                             ;                                                     ;
; Maximum fan-out node                        ; gerenciadorProduto:instanciaGerenciador|timer_ativo ;
; Maximum fan-out                             ; 56                                                  ;
; Total fan-out                               ; 1058                                                ;
; Average fan-out                             ; 3.09                                                ;
+---------------------------------------------+-----------------------------------------------------+


+-----------------------------------------------------------------------------------------------------------------------------------------------------------------------------------------------------------------------------------------------------+
; Analysis & Synthesis Resource Utilization by Entity                                                                                                                                                                                                 ;
+----------------------------------------------+---------------------+---------------------------+-------------------+------------+------+--------------+---------------------------------------------------------+--------------------+--------------+
; Compilation Hierarchy Node                   ; Combinational ALUTs ; Dedicated Logic Registers ; Block Memory Bits ; DSP Blocks ; Pins ; Virtual Pins ; Full Hierarchy Name                                     ; Entity Name        ; Library Name ;
+----------------------------------------------+---------------------+---------------------------+-------------------+------------+------+--------------+---------------------------------------------------------+--------------------+--------------+
; |VendingMachine                              ; 193 (0)             ; 49 (0)                    ; 0                 ; 0          ; 50   ; 0            ; |VendingMachine                                         ; VendingMachine     ; work         ;
;    |bin11_to_bcd4:instanciaBin11toBcd|       ; 33 (33)             ; 0 (0)                     ; 0                 ; 0          ; 0    ; 0            ; |VendingMachine|bin11_to_bcd4:instanciaBin11toBcd       ; bin11_to_bcd4      ; work         ;
;    |bin2hex:instanciaBin2Hex|                ; 7 (7)               ; 0 (0)                     ; 0                 ; 0          ; 0    ; 0            ; |VendingMachine|bin2hex:instanciaBin2Hex                ; bin2hex            ; work         ;
;    |bin2hex:instanciaHex0|                   ; 7 (7)               ; 0 (0)                     ; 0                 ; 0          ; 0    ; 0            ; |VendingMachine|bin2hex:instanciaHex0                   ; bin2hex            ; work         ;
;    |bin2hex:instanciaHex1|                   ; 7 (7)               ; 0 (0)                     ; 0                 ; 0          ; 0    ; 0            ; |VendingMachine|bin2hex:instanciaHex1                   ; bin2hex            ; work         ;
;    |bin2hex:instanciaHex2|                   ; 7 (7)               ; 0 (0)                     ; 0                 ; 0          ; 0    ; 0            ; |VendingMachine|bin2hex:instanciaHex2                   ; bin2hex            ; work         ;
;    |bin2hex:instanciaHex3|                   ; 3 (3)               ; 0 (0)                     ; 0                 ; 0          ; 0    ; 0            ; |VendingMachine|bin2hex:instanciaHex3                   ; bin2hex            ; work         ;
;    |gerenciadorProduto:instanciaGerenciador| ; 115 (115)           ; 44 (44)                   ; 0                 ; 0          ; 0    ; 0            ; |VendingMachine|gerenciadorProduto:instanciaGerenciador ; gerenciadorProduto ; work         ;
;    |selecionarValor:instanciaSelValor|       ; 8 (8)               ; 0 (0)                     ; 0                 ; 0          ; 0    ; 0            ; |VendingMachine|selecionarValor:instanciaSelValor       ; selecionarValor    ; work         ;
;    |seletor_produto:instanciaSelProd|        ; 6 (6)               ; 5 (5)                     ; 0                 ; 0          ; 0    ; 0            ; |VendingMachine|seletor_produto:instanciaSelProd        ; seletor_produto    ; work         ;
+----------------------------------------------+---------------------+---------------------------+-------------------+------------+------+--------------+---------------------------------------------------------+--------------------+--------------+
Note: For table entries with two numbers listed, the numbers in parentheses indicate the number of resources of the given type used by the specific entity alone. The numbers listed outside of parentheses indicate the total resources of the given type used by the specific entity and all of its sub-entities in the hierarchy.


+------------------------------------------------------+
; General Register Statistics                          ;
+----------------------------------------------+-------+
; Statistic                                    ; Value ;
+----------------------------------------------+-------+
; Total registers                              ; 49    ;
; Number of registers using Synchronous Clear  ; 38    ;
; Number of registers using Synchronous Load   ; 0     ;
; Number of registers using Asynchronous Clear ; 1     ;
; Number of registers using Asynchronous Load  ; 0     ;
; Number of registers using Clock Enable       ; 42    ;
; Number of registers using Preset             ; 0     ;
+----------------------------------------------+-------+


+-----------------------------------------------------------------------------------------------------------------------------------------------------------------------------------------+
; Multiplexer Restructuring Statistics (Restructuring Performed)                                                                                                                          ;
+--------------------+-----------+---------------+----------------------+------------------------+------------+---------------------------------------------------------------------------+
; Multiplexer Inputs ; Bus Width ; Baseline Area ; Area if Restructured ; Saving if Restructured ; Registered ; Example Multiplexer Output                                                ;
+--------------------+-----------+---------------+----------------------+------------------------+------------+---------------------------------------------------------------------------+
; 5:1                ; 11 bits   ; 33 LEs        ; 0 LEs                ; 33 LEs                 ; Yes        ; |VendingMachine|gerenciadorProduto:instanciaGerenciador|saldo_inserido[3] ;
; 3:1                ; 10 bits   ; 20 LEs        ; 20 LEs               ; 0 LEs                  ; No         ; |VendingMachine|gerenciadorProduto:instanciaGerenciador|BIN_VALOR_OUT[3]  ;
+--------------------+-----------+---------------+----------------------+------------------------+------------+---------------------------------------------------------------------------+


+-----------------------------------------------------+
; Post-Synthesis Netlist Statistics for Top Partition ;
+-----------------------+-----------------------------+
; Type                  ; Count                       ;
+-----------------------+-----------------------------+
; arriav_ff             ; 49                          ;
;     CLR               ; 1                           ;
;     ENA               ; 4                           ;
;     ENA SCLR          ; 38                          ;
;     plain             ; 6                           ;
; arriav_lcell_comb     ; 201                         ;
;     arith             ; 49                          ;
;         0 data inputs ; 1                           ;
;         1 data inputs ; 29                          ;
;         2 data inputs ; 2                           ;
;         3 data inputs ; 11                          ;
;         4 data inputs ; 6                           ;
;     extend            ; 1                           ;
;         7 data inputs ; 1                           ;
;     normal            ; 151                         ;
;         0 data inputs ; 1                           ;
;         1 data inputs ; 7                           ;
;         2 data inputs ; 11                          ;
;         3 data inputs ; 13                          ;
;         4 data inputs ; 49                          ;
;         5 data inputs ; 26                          ;
;         6 data inputs ; 44                          ;
; boundary_port         ; 50                          ;
;                       ;                             ;
; Max LUT depth         ; 10.00                       ;
; Average LUT depth     ; 6.37                        ;
+-----------------------+-----------------------------+


+-------------------------------+
; Elapsed Time Per Partition    ;
+----------------+--------------+
; Partition Name ; Elapsed Time ;
+----------------+--------------+
; Top            ; 00:00:03     ;
+----------------+--------------+


+-------------------------------+
; Analysis & Synthesis Messages ;
+-------------------------------+
Info: *******************************************************************
Info: Running Quartus Prime Analysis & Synthesis
    Info: Version 20.1.0 Build 711 06/05/2020 SJ Lite Edition
    Info: Processing started: Mon Mar 23 12:33:43 2026
Info: Command: quartus_map --read_settings_files=on --write_settings_files=off VendingMachine -c VendingMachine
Warning (18236): Number of processors has not been specified which may cause overloading on shared machines.  Set the global assignment NUM_PARALLEL_PROCESSORS in your QSF to an appropriate value for best performance.
Info (20030): Parallel compilation is enabled and will use 2 of the 2 processors detected
Info (12021): Found 2 design units, including 1 entities, in source file /users/joăo/documents/unicamp/mc613/testes/vendingmachine_tb.vhd
    Info (12022): Found design unit 1: VendingMachine_tb-behavior File: C:/Users/Joăo/Documents/UNICAMP/MC613/Testes/VendingMachine_tb.vhd Line: 10
    Info (12023): Found entity 1: VendingMachine_tb File: C:/Users/Joăo/Documents/UNICAMP/MC613/Testes/VendingMachine_tb.vhd Line: 7
Info (12021): Found 2 design units, including 1 entities, in source file /users/joăo/documents/unicamp/mc613/testes/seletor_produto_tb.vhd
    Info (12022): Found design unit 1: seletor_produto_tb-Behavioral File: C:/Users/Joăo/Documents/UNICAMP/MC613/Testes/seletor_produto_tb.vhd Line: 10
    Info (12023): Found entity 1: seletor_produto_tb File: C:/Users/Joăo/Documents/UNICAMP/MC613/Testes/seletor_produto_tb.vhd Line: 7
Info (12021): Found 2 design units, including 1 entities, in source file /users/joăo/documents/unicamp/mc613/testes/selecionarvalor_tb.vhd
    Info (12022): Found design unit 1: selecionarValor_tb-Behavioral File: C:/Users/Joăo/Documents/UNICAMP/MC613/Testes/selecionarValor_tb.vhd Line: 10
    Info (12023): Found entity 1: selecionarValor_tb File: C:/Users/Joăo/Documents/UNICAMP/MC613/Testes/selecionarValor_tb.vhd Line: 7
Info (12021): Found 2 design units, including 1 entities, in source file /users/joăo/documents/unicamp/mc613/testes/gerenciadorproduto_tb.vhd
    Info (12022): Found design unit 1: gerenciadorProduto_tb-behavior File: C:/Users/Joăo/Documents/UNICAMP/MC613/Testes/gerenciadorProduto_tb.vhd Line: 10
    Info (12023): Found entity 1: gerenciadorProduto_tb File: C:/Users/Joăo/Documents/UNICAMP/MC613/Testes/gerenciadorProduto_tb.vhd Line: 7
Info (12021): Found 2 design units, including 1 entities, in source file /users/joăo/documents/unicamp/mc613/testes/bin2hex_tb.vhd
    Info (12022): Found design unit 1: bin2hex_tb-Behavioral File: C:/Users/Joăo/Documents/UNICAMP/MC613/Testes/bin2hex_tb.vhd Line: 10
    Info (12023): Found entity 1: bin2hex_tb File: C:/Users/Joăo/Documents/UNICAMP/MC613/Testes/bin2hex_tb.vhd Line: 7
Info (12021): Found 2 design units, including 1 entities, in source file seletor_produto.vhd
    Info (12022): Found design unit 1: seletor_produto-behavior File: C:/Users/Joăo/Documents/UNICAMP/MC613/VendingMachine/seletor_produto.vhd Line: 14
    Info (12023): Found entity 1: seletor_produto File: C:/Users/Joăo/Documents/UNICAMP/MC613/VendingMachine/seletor_produto.vhd Line: 4
Info (12021): Found 2 design units, including 1 entities, in source file selecionarvalor.vhd
    Info (12022): Found design unit 1: selecionarValor-behavior File: C:/Users/Joăo/Documents/UNICAMP/MC613/VendingMachine/selecionarValor.vhd Line: 11
    Info (12023): Found entity 1: selecionarValor File: C:/Users/Joăo/Documents/UNICAMP/MC613/VendingMachine/selecionarValor.vhd Line: 4
Info (12021): Found 2 design units, including 1 entities, in source file gerenciadorproduto.vhd
    Info (12022): Found design unit 1: gerenciadorProduto-behavior File: C:/Users/Joăo/Documents/UNICAMP/MC613/VendingMachine/gerenciadorProduto.vhd Line: 19
    Info (12023): Found entity 1: gerenciadorProduto File: C:/Users/Joăo/Documents/UNICAMP/MC613/VendingMachine/gerenciadorProduto.vhd Line: 5
Info (12021): Found 2 design units, including 1 entities, in source file bin11_to_bcd4.vhd
    Info (12022): Found design unit 1: bin11_to_bcd4-rtl File: C:/Users/Joăo/Documents/UNICAMP/MC613/VendingMachine/bin11_to_bcd4.vhd Line: 12
    Info (12023): Found entity 1: bin11_to_bcd4 File: C:/Users/Joăo/Documents/UNICAMP/MC613/VendingMachine/bin11_to_bcd4.vhd Line: 5
Info (12021): Found 2 design units, including 1 entities, in source file bin2hex.vhd
    Info (12022): Found design unit 1: bin2hex-rtl File: C:/Users/Joăo/Documents/UNICAMP/MC613/VendingMachine/bin2hex.vhd Line: 14
    Info (12023): Found entity 1: bin2hex File: C:/Users/Joăo/Documents/UNICAMP/MC613/VendingMachine/bin2hex.vhd Line: 7
Info (12021): Found 2 design units, including 1 entities, in source file vendingmachine.vhd
    Info (12022): Found design unit 1: VendingMachine-estrutural File: C:/Users/Joăo/Documents/UNICAMP/MC613/VendingMachine/VendingMachine.vhd Line: 23
    Info (12023): Found entity 1: VendingMachine File: C:/Users/Joăo/Documents/UNICAMP/MC613/VendingMachine/VendingMachine.vhd Line: 6
Info (12127): Elaborating entity "VendingMachine" for the top level hierarchy
Info (12128): Elaborating entity "seletor_produto" for hierarchy "seletor_produto:instanciaSelProd" File: C:/Users/Joăo/Documents/UNICAMP/MC613/VendingMachine/VendingMachine.vhd Line: 32
Warning (10492): VHDL Process Statement warning at seletor_produto.vhd(27): signal "estado_travado" is read inside the Process Statement but isn't in the Process Statement's sensitivity list File: C:/Users/Joăo/Documents/UNICAMP/MC613/VendingMachine/seletor_produto.vhd Line: 27
Info (12128): Elaborating entity "selecionarValor" for hierarchy "selecionarValor:instanciaSelValor" File: C:/Users/Joăo/Documents/UNICAMP/MC613/VendingMachine/VendingMachine.vhd Line: 42
Info (12128): Elaborating entity "gerenciadorProduto" for hierarchy "gerenciadorProduto:instanciaGerenciador" File: C:/Users/Joăo/Documents/UNICAMP/MC613/VendingMachine/VendingMachine.vhd Line: 49
Info (12128): Elaborating entity "bin2hex" for hierarchy "bin2hex:instanciaBin2Hex" File: C:/Users/Joăo/Documents/UNICAMP/MC613/VendingMachine/VendingMachine.vhd Line: 64
Info (12128): Elaborating entity "bin11_to_bcd4" for hierarchy "bin11_to_bcd4:instanciaBin11toBcd" File: C:/Users/Joăo/Documents/UNICAMP/MC613/VendingMachine/VendingMachine.vhd Line: 95
Warning (13024): Output pins are stuck at VCC or GND
    Warning (13410): Pin "HEX3[1]" is stuck at GND File: C:/Users/Joăo/Documents/UNICAMP/MC613/VendingMachine/VendingMachine.vhd Line: 15
Info (286030): Timing-Driven Synthesis is running
Info (16010): Generating hard_block partition "hard_block:auto_generated_inst"
    Info (16011): Adding 0 node(s), including 0 DDIO, 0 PLL, 0 transceiver and 0 LCELL
Info (21057): Implemented 262 device resources after synthesis - the final resource count might be different
    Info (21058): Implemented 13 input pins
    Info (21059): Implemented 37 output pins
    Info (21061): Implemented 212 logic cells
Info: Quartus Prime Analysis & Synthesis was successful. 0 errors, 4 warnings
    Info: Peak virtual memory: 4855 megabytes
    Info: Processing ended: Mon Mar 23 12:34:15 2026
    Info: Elapsed time: 00:00:32
    Info: Total CPU time (on all processors): 00:00:33


